This is pdfTeX, Version 3.141592653-2.6-1.40.22 (TeX Live 2021) (preloaded format=latex 2021.8.12)  25 JUL 2022 17:06
entering extended mode
 restricted \write18 enabled.
 %&-line parsing enabled.
**/var/folders/fd/k4gz23z17gzgssxxs5c_d4gm0000gn/T/RtmpYodjar/chunk-code-790631
204dbd.txt

(/var/folders/fd/k4gz23z17gzgssxxs5c_d4gm0000gn/T/RtmpYodjar/chunk-code-7906312
04dbd.txt
LaTeX2e <2020-10-01> patch level 4
L3 programming layer <2021-02-18>

! LaTeX Error: Missing \begin{document}.

See the LaTeX manual or LaTeX Companion for explanation.
Type  H <return>  for immediate help.
 ...                                              
                                                  
l.1 \begin{equation}
                    
? 
! Emergency stop.
 ...                                              
                                                  
l.1 \begin{equation}
                    
You're in trouble here.  Try typing  <return>  to proceed.
If that doesn't work, type  X <return>  to quit.

 
Here is how much of TeX's memory you used:
 18 strings out of 478995
 758 string characters out of 5858210
 283038 words of memory out of 5000000
 17602 multiletter control sequences out of 15000+600000
 403430 words of font info for 27 fonts, out of 8000000 for 9000
 1141 hyphenation exceptions out of 8191
 13i,0n,15p,135b,20s stack positions out of 5000i,500n,10000p,200000b,80000s
No pages of output.
